<?xml version="1.0" encoding="UTF-8"?>
<!-- Generated by org.testng.reporters.JUnitXMLReporter -->
<testsuite hostname="Sherine" ignored="0" name="Test" tests="13" failures="1" timestamp="2020-05-07T13:20:23 IST" time="1.631" errors="0">
  <testcase name="mockcreation1" time="0.007" classname="com.cts.renibuilders.controller.ApartmentControllerTest"/>
  <testcase name="mockcreation2" time="0.001" classname="com.cts.renibuilders.controller.ApartmentControllerTest"/>
  <testcase name="testPostCustomerDetailsFormValidationFail" time="0.267" classname="com.cts.renibuilders.controller.ApartmentControllerTest"/>
  <testcase name="testShowSearchApartment" time="0.004" classname="com.cts.renibuilders.controller.ApartmentControllerTest"/>
  <testcase name="testcalculateestimateCostActive" time="0.081" classname="com.cts.renibuilders.controller.ApartmentControllerTest">
    <failure type="org.mockito.exceptions.misusing.MissingMethodInvocationException" message="
when() requires an argument which has to be &amp;apos;a method call on a mock&amp;apos;.
For example:
    when(mock.getArticles()).thenReturn(articles);

Also, this error might show up because:
1. you stub either of: final/private/equals()/hashCode() methods.
   Those methods *cannot* be stubbed/verified.
   Mocking methods declared on non-public parent classes is not supported.
2. inside when() you don&amp;apos;t call method on mock but on some other object.
">
      <![CDATA[org.mockito.exceptions.misusing.MissingMethodInvocationException: 
when() requires an argument which has to be 'a method call on a mock'.
For example:
    when(mock.getArticles()).thenReturn(articles);

Also, this error might show up because:
1. you stub either of: final/private/equals()/hashCode() methods.
   Those methods *cannot* be stubbed/verified.
   Mocking methods declared on non-public parent classes is not supported.
2. inside when() you don't call method on mock but on some other object.

at com.cts.renibuilders.controller.ApartmentControllerTest.testcalculateestimateCostActive(ApartmentControllerTest.java:79)
at java.util.ArrayList.forEach(ArrayList.java:1249)
... Removed 27 stack frames]]>
    </failure>
  </testcase> <!-- testcalculateestimateCostActive -->
  <testcase name="testCity" time="0.004" classname="com.cts.renibuilders.model.CustomerTest"/>
  <testcase name="testExpectedEmailId" time="0.001" classname="com.cts.renibuilders.model.CustomerTest"/>
  <testcase name="testExpectedName" time="0.001" classname="com.cts.renibuilders.model.CustomerTest"/>
  <testcase name="testMobileNo" time="0.001" classname="com.cts.renibuilders.model.CustomerTest"/>
  <testcase name="testpropertyType" time="0.001" classname="com.cts.renibuilders.model.CustomerTest"/>
  <testcase name="testWhetherCustomerSelectedIsNotValidCity" time="0.008" classname="com.cts.renibuilders.service.ApartmentServiceTest"/>
  <testcase name="testWhetherCustomerSelectedIsValidCityWithPropertyType1BHK" time="0.001" classname="com.cts.renibuilders.service.ApartmentServiceTest"/>
  <testcase name="testWhetherCustomerSelectedIsValidCityWithPropertyType2BHK" time="0.002" classname="com.cts.renibuilders.service.ApartmentServiceTest"/>
</testsuite> <!-- Test -->
