<html>
<head>
<title>TestNG:  Test</title>
<link href="../testng.css" rel="stylesheet" type="text/css" />
<link href="../my-testng.css" rel="stylesheet" type="text/css" />

<style type="text/css">
.log { display: none;} 
.stack-trace { display: none;} 
</style>
<script type="text/javascript">
<!--
function flip(e) {
  current = e.style.display;
  if (current == 'block') {
    e.style.display = 'none';
    return 0;
  }
  else {
    e.style.display = 'block';
    return 1;
  }
}

function toggleBox(szDivId, elem, msg1, msg2)
{
  var res = -1;  if (document.getElementById) {
    res = flip(document.getElementById(szDivId));
  }
  else if (document.all) {
    // this is the way old msie versions work
    res = flip(document.all[szDivId]);
  }
  if(elem) {
    if(res == 0) elem.innerHTML = msg1; else elem.innerHTML = msg2;
  }

}

function toggleAllBoxes() {
  if (document.getElementsByTagName) {
    d = document.getElementsByTagName('div');
    for (i = 0; i < d.length; i++) {
      if (d[i].className == 'log') {
        flip(d[i]);
      }
    }
  }
}

// -->
</script>

</head>
<body>
<h2 align='center'>Test</h2><table border='1' align="center">
<tr>
<td>Tests passed/Failed/Skipped:</td><td>12/1/0</td>
</tr><tr>
<td>Started on:</td><td>Thu May 07 13:20:22 IST 2020</td>
</tr>
<tr><td>Total time:</td><td>1 seconds (1631 ms)</td>
</tr><tr>
<td>Included groups:</td><td></td>
</tr><tr>
<td>Excluded groups:</td><td></td>
</tr>
</table><p/>
<small><i>(Hover the method name to see the test class name)</i></small><p/>
<table width='100%' border='1' class='invocation-failed'>
<tr><td colspan='4' align='center'><b>FAILED TESTS</b></td></tr>
<tr><td><b>Test method</b></td>
<td width="30%"><b>Exception</b></td>
<td width="10%"><b>Time (seconds)</b></td>
<td><b>Instance</b></td>
</tr>
<tr>
<td title='com.cts.renibuilders.controller.ApartmentControllerTest.testcalculateestimateCostActive()'><b>testcalculateestimateCostActive</b><br>Test class: com.cts.renibuilders.controller.ApartmentControllerTest</td>
<td><div><pre>org.mockito.exceptions.misusing.MissingMethodInvocationException: 
when() requires an argument which has to be &apos;a method call on a mock&apos;.
For example:
    when(mock.getArticles()).thenReturn(articles);

Also, this error might show up because:
1. you stub either of: final/private/equals()/hashCode() methods.
   Those methods *cannot* be stubbed/verified.
   Mocking methods declared on non-public parent classes is not supported.
2. inside when() you don&apos;t call method on mock but on some other object.

	at com.cts.renibuilders.controller.ApartmentControllerTest.testcalculateestimateCostActive(ApartmentControllerTest.java:79)
	at java.util.ArrayList.forEach(ArrayList.java:1249)
... Removed 27 stack frames</pre></div><a href='#' onClick='toggleBox("stack-trace1211586911", this, "Click to show all stack frames", "Click to hide stack frames")'>Click to show all stack frames</a>
<div class='stack-trace' id='stack-trace1211586911'><pre>org.mockito.exceptions.misusing.MissingMethodInvocationException: 
when() requires an argument which has to be &apos;a method call on a mock&apos;.
For example:
    when(mock.getArticles()).thenReturn(articles);

Also, this error might show up because:
1. you stub either of: final/private/equals()/hashCode() methods.
   Those methods *cannot* be stubbed/verified.
   Mocking methods declared on non-public parent classes is not supported.
2. inside when() you don&apos;t call method on mock but on some other object.

	at com.cts.renibuilders.controller.ApartmentControllerTest.testcalculateestimateCostActive(ApartmentControllerTest.java:79)
	at sun.reflect.NativeMethodAccessorImpl.invoke0(Native Method)
	at sun.reflect.NativeMethodAccessorImpl.invoke(NativeMethodAccessorImpl.java:62)
	at sun.reflect.DelegatingMethodAccessorImpl.invoke(DelegatingMethodAccessorImpl.java:43)
	at java.lang.reflect.Method.invoke(Method.java:498)
	at org.testng.internal.MethodInvocationHelper.invokeMethod(MethodInvocationHelper.java:135)
	at org.testng.internal.TestInvoker.invokeMethod(TestInvoker.java:598)
	at org.testng.internal.TestInvoker.invokeTestMethod(TestInvoker.java:174)
	at org.testng.internal.MethodRunner.runInSequence(MethodRunner.java:46)
	at org.testng.internal.TestInvoker$MethodInvocationAgent.invoke(TestInvoker.java:821)
	at org.testng.internal.TestInvoker.invokeTestMethods(TestInvoker.java:147)
	at org.testng.internal.TestMethodWorker.invokeTestMethods(TestMethodWorker.java:146)
	at org.testng.internal.TestMethodWorker.run(TestMethodWorker.java:128)
	at java.util.ArrayList.forEach(ArrayList.java:1249)
	at org.testng.TestRunner.privateRun(TestRunner.java:767)
	at org.testng.TestRunner.run(TestRunner.java:588)
	at org.testng.SuiteRunner.runTest(SuiteRunner.java:384)
	at org.testng.SuiteRunner.runSequentially(SuiteRunner.java:378)
	at org.testng.SuiteRunner.privateRun(SuiteRunner.java:337)
	at org.testng.SuiteRunner.run(SuiteRunner.java:286)
	at org.testng.SuiteRunnerWorker.runSuite(SuiteRunnerWorker.java:53)
	at org.testng.SuiteRunnerWorker.run(SuiteRunnerWorker.java:96)
	at org.testng.TestNG.runSuitesSequentially(TestNG.java:1214)
	at org.testng.TestNG.runSuitesLocally(TestNG.java:1136)
	at org.testng.TestNG.runSuites(TestNG.java:1066)
	at org.testng.TestNG.run(TestNG.java:1034)
	at org.testng.remote.AbstractRemoteTestNG.run(AbstractRemoteTestNG.java:115)
	at org.testng.remote.RemoteTestNG.initAndRun(RemoteTestNG.java:251)
	at org.testng.remote.RemoteTestNG.main(RemoteTestNG.java:77)
</pre></div></td>
<td>0</td>
<td>com.cts.renibuilders.controller.ApartmentControllerTest@69b0fd6f</td></tr>
</table><p>
<table width='100%' border='1' class='invocation-passed'>
<tr><td colspan='4' align='center'><b>PASSED TESTS</b></td></tr>
<tr><td><b>Test method</b></td>
<td width="30%"><b>Exception</b></td>
<td width="10%"><b>Time (seconds)</b></td>
<td><b>Instance</b></td>
</tr>
<tr>
<td title='com.cts.renibuilders.controller.ApartmentControllerTest.mockcreation1()'><b>mockcreation1</b><br>Test class: com.cts.renibuilders.controller.ApartmentControllerTest</td>
<td></td>
<td>0</td>
<td>com.cts.renibuilders.controller.ApartmentControllerTest@69b0fd6f</td></tr>
<tr>
<td title='com.cts.renibuilders.controller.ApartmentControllerTest.mockcreation2()'><b>mockcreation2</b><br>Test class: com.cts.renibuilders.controller.ApartmentControllerTest</td>
<td></td>
<td>0</td>
<td>com.cts.renibuilders.controller.ApartmentControllerTest@69b0fd6f</td></tr>
<tr>
<td title='com.cts.renibuilders.model.CustomerTest.testCity()'><b>testCity</b><br>Test class: com.cts.renibuilders.model.CustomerTest</td>
<td></td>
<td>0</td>
<td>com.cts.renibuilders.model.CustomerTest@757942a1</td></tr>
<tr>
<td title='com.cts.renibuilders.model.CustomerTest.testExpectedEmailId()'><b>testExpectedEmailId</b><br>Test class: com.cts.renibuilders.model.CustomerTest</td>
<td></td>
<td>0</td>
<td>com.cts.renibuilders.model.CustomerTest@757942a1</td></tr>
<tr>
<td title='com.cts.renibuilders.model.CustomerTest.testExpectedName()'><b>testExpectedName</b><br>Test class: com.cts.renibuilders.model.CustomerTest</td>
<td></td>
<td>0</td>
<td>com.cts.renibuilders.model.CustomerTest@757942a1</td></tr>
<tr>
<td title='com.cts.renibuilders.model.CustomerTest.testMobileNo()'><b>testMobileNo</b><br>Test class: com.cts.renibuilders.model.CustomerTest</td>
<td></td>
<td>0</td>
<td>com.cts.renibuilders.model.CustomerTest@757942a1</td></tr>
<tr>
<td title='com.cts.renibuilders.controller.ApartmentControllerTest.testPostCustomerDetailsFormValidationFail()'><b>testPostCustomerDetailsFormValidationFail</b><br>Test class: com.cts.renibuilders.controller.ApartmentControllerTest</td>
<td></td>
<td>0</td>
<td>com.cts.renibuilders.controller.ApartmentControllerTest@69b0fd6f</td></tr>
<tr>
<td title='com.cts.renibuilders.controller.ApartmentControllerTest.testShowSearchApartment()'><b>testShowSearchApartment</b><br>Test class: com.cts.renibuilders.controller.ApartmentControllerTest</td>
<td></td>
<td>0</td>
<td>com.cts.renibuilders.controller.ApartmentControllerTest@69b0fd6f</td></tr>
<tr>
<td title='com.cts.renibuilders.service.ApartmentServiceTest.testWhetherCustomerSelectedIsNotValidCity()'><b>testWhetherCustomerSelectedIsNotValidCity</b><br>Test class: com.cts.renibuilders.service.ApartmentServiceTest</td>
<td></td>
<td>0</td>
<td>com.cts.renibuilders.service.ApartmentServiceTest@4a87761d</td></tr>
<tr>
<td title='com.cts.renibuilders.service.ApartmentServiceTest.testWhetherCustomerSelectedIsValidCityWithPropertyType1BHK()'><b>testWhetherCustomerSelectedIsValidCityWithPropertyType1BHK</b><br>Test class: com.cts.renibuilders.service.ApartmentServiceTest</td>
<td></td>
<td>0</td>
<td>com.cts.renibuilders.service.ApartmentServiceTest@4a87761d</td></tr>
<tr>
<td title='com.cts.renibuilders.service.ApartmentServiceTest.testWhetherCustomerSelectedIsValidCityWithPropertyType2BHK()'><b>testWhetherCustomerSelectedIsValidCityWithPropertyType2BHK</b><br>Test class: com.cts.renibuilders.service.ApartmentServiceTest</td>
<td></td>
<td>0</td>
<td>com.cts.renibuilders.service.ApartmentServiceTest@4a87761d</td></tr>
<tr>
<td title='com.cts.renibuilders.model.CustomerTest.testpropertyType()'><b>testpropertyType</b><br>Test class: com.cts.renibuilders.model.CustomerTest</td>
<td></td>
<td>0</td>
<td>com.cts.renibuilders.model.CustomerTest@757942a1</td></tr>
</table><p>
</body>
</html>